0 info it worked if it ends with ok
1 verbose cli [ '/home/tedd/.nvm/versions/node/v4.4.7/bin/node',
1 verbose cli   '/home/tedd/.nvm/versions/node/v4.4.7/bin/npm',
1 verbose cli   'run',
1 verbose cli   'test' ]
2 info using npm@2.15.8
3 info using node@v4.4.7
4 verbose run-script [ 'pretest', 'test', 'posttest' ]
5 info pretest ngr-to-bng@0.0.1
6 info test ngr-to-bng@0.0.1
7 verbose unsafe-perm in lifecycle true
8 info ngr-to-bng@0.0.1 Failed to exec test script
9 verbose stack Error: ngr-to-bng@0.0.1 test: `npm run lint && npm run unit-test`
9 verbose stack Exit status 1
9 verbose stack     at EventEmitter.<anonymous> (/home/tedd/.nvm/versions/node/v4.4.7/lib/node_modules/npm/lib/utils/lifecycle.js:217:16)
9 verbose stack     at emitTwo (events.js:87:13)
9 verbose stack     at EventEmitter.emit (events.js:172:7)
9 verbose stack     at ChildProcess.<anonymous> (/home/tedd/.nvm/versions/node/v4.4.7/lib/node_modules/npm/lib/utils/spawn.js:24:14)
9 verbose stack     at emitTwo (events.js:87:13)
9 verbose stack     at ChildProcess.emit (events.js:172:7)
9 verbose stack     at maybeClose (internal/child_process.js:827:16)
9 verbose stack     at Process.ChildProcess._handle.onexit (internal/child_process.js:211:5)
10 verbose pkgid ngr-to-bng@0.0.1
11 verbose cwd /home/tedd/ngr-to-bng
12 error Linux 4.4.0-34-generic
13 error argv "/home/tedd/.nvm/versions/node/v4.4.7/bin/node" "/home/tedd/.nvm/versions/node/v4.4.7/bin/npm" "run" "test"
14 error node v4.4.7
15 error npm  v2.15.8
16 error code ELIFECYCLE
17 error ngr-to-bng@0.0.1 test: `npm run lint && npm run unit-test`
17 error Exit status 1
18 error Failed at the ngr-to-bng@0.0.1 test script 'npm run lint && npm run unit-test'.
18 error This is most likely a problem with the ngr-to-bng package,
18 error not with npm itself.
18 error Tell the author that this fails on your system:
18 error     npm run lint && npm run unit-test
18 error You can get information on how to open an issue for this project with:
18 error     npm bugs ngr-to-bng
18 error Or if that isn't available, you can get their info via:
18 error
18 error     npm owner ls ngr-to-bng
18 error There is likely additional logging output above.
19 verbose exit [ 1, true ]
